Start testing: Apr 29 19:25 Central Daylight Time
----------------------------------------------------------
1/1 Testing: unittests
1/1 Test: unittests
Command: "D:/ALL CODING PROGRAMS/ALL C++ Programs in VS Code/katas/build/unittests/unittests.exe"
Directory: D:/ALL CODING PROGRAMS/ALL C++ Programs in VS Code/katas/build/unittests
"unittests" start time: Apr 29 19:25 Central Daylight Time
Output:
----------------------------------------------------------
Running main() from unittests/googletest-src/googletest/src/gtest_main.cc
[==========] Running 1 test from 1 test suite.
[----------] Global test environment set-up.
[----------] 1 test from CheckoutOrderTest
[ RUN      ] CheckoutOrderTest.Initialization
[       OK ] CheckoutOrderTest.Initialization (0 ms)
[----------] 1 test from CheckoutOrderTest (0 ms total)

[----------] Global test environment tear-down
[==========] 1 test from 1 test suite ran. (1 ms total)
[  PASSED  ] 1 test.
<end of output>
Test time =   0.31 sec
----------------------------------------------------------
Test Passed.
"unittests" end time: Apr 29 19:25 Central Daylight Time
"unittests" time elapsed: 00:00:00
----------------------------------------------------------

End testing: Apr 29 19:25 Central Daylight Time
